<?xml version="1.0" encoding="UTF-8"?>
<coverage generated="1701274564876" clover="3.2.0">
  <project timestamp="1701274564876" name="All files">
    <metrics statements="56" coveredstatements="54" conditionals="55" coveredconditionals="51" methods="5" coveredmethods="5" elements="116" coveredelements="110" complexity="0" loc="56" ncloc="56" packages="1" files="1" classes="1"/>
    <file name="roman-numerals.js" path="/Users/shubee/Desktop/CUBIC/roman-numerals.js">
      <metrics statements="56" coveredstatements="54" conditionals="55" coveredconditionals="51" methods="5" coveredmethods="5"/>
      <line num="5" count="364" type="cond" truecount="2" falsecount="0"/>
      <line num="6" count="129" type="stmt"/>
      <line num="8" count="235" type="cond" truecount="2" falsecount="0"/>
      <line num="9" count="64" type="stmt"/>
      <line num="11" count="171" type="cond" truecount="2" falsecount="0"/>
      <line num="12" count="93" type="stmt"/>
      <line num="14" count="78" type="cond" truecount="2" falsecount="0"/>
      <line num="15" count="17" type="stmt"/>
      <line num="17" count="61" type="cond" truecount="2" falsecount="0"/>
      <line num="18" count="40" type="stmt"/>
      <line num="20" count="21" type="cond" truecount="1" falsecount="1"/>
      <line num="21" count="0" type="stmt"/>
      <line num="23" count="21" type="cond" truecount="1" falsecount="1"/>
      <line num="24" count="21" type="stmt"/>
      <line num="30" count="27" type="cond" truecount="3" falsecount="1"/>
      <line num="31" count="27" type="stmt"/>
      <line num="33" count="27" type="stmt"/>
      <line num="35" count="27" type="stmt"/>
      <line num="37" count="27" type="stmt"/>
      <line num="39" count="27" type="stmt"/>
      <line num="41" count="49" type="stmt"/>
      <line num="45" count="27" type="stmt"/>
      <line num="48" count="0" type="stmt"/>
      <line num="56" count="27" type="stmt"/>
      <line num="58" count="27" type="stmt"/>
      <line num="60" count="49" type="cond" truecount="2" falsecount="0"/>
      <line num="61" count="1" type="stmt"/>
      <line num="62" count="1" type="stmt"/>
      <line num="64" count="48" type="cond" truecount="2" falsecount="0"/>
      <line num="65" count="4" type="stmt"/>
      <line num="67" count="4" type="stmt"/>
      <line num="69" count="49" type="cond" truecount="2" falsecount="0"/>
      <line num="70" count="17" type="stmt"/>
      <line num="71" count="17" type="stmt"/>
      <line num="74" count="49" type="cond" truecount="2" falsecount="0"/>
      <line num="75" count="27" type="stmt"/>
      <line num="76" count="27" type="stmt"/>
      <line num="80" count="27" type="stmt"/>
      <line num="87" count="49" type="stmt"/>
      <line num="88" count="49" type="stmt"/>
      <line num="90" count="197" type="cond" truecount="5" falsecount="0"/>
      <line num="91" count="35" type="stmt"/>
      <line num="93" count="162" type="cond" truecount="4" falsecount="0"/>
      <line num="94" count="28" type="stmt"/>
      <line num="96" count="134" type="cond" truecount="4" falsecount="0"/>
      <line num="97" count="25" type="stmt"/>
      <line num="99" count="109" type="cond" truecount="4" falsecount="0"/>
      <line num="100" count="6" type="stmt"/>
      <line num="102" count="103" type="cond" truecount="4" falsecount="0"/>
      <line num="103" count="14" type="stmt"/>
      <line num="105" count="89" type="cond" truecount="4" falsecount="0"/>
      <line num="106" count="8" type="stmt"/>
      <line num="108" count="81" type="cond" truecount="3" falsecount="1"/>
      <line num="109" count="81" type="stmt"/>
      <line num="113" count="49" type="stmt"/>
      <line num="118" count="1" type="stmt"/>
    </file>
  </project>
</coverage>
