{"/Users/shubee/Desktop/CUBIC/roman-numerals.js": {"path":"/Users/shubee/Desktop/CUBIC/roman-numerals.js","statementMap":{"0":{"start":{"line":5,"column":4},"end":{"line":25,"column":5}},"1":{"start":{"line":6,"column":8},"end":{"line":6,"column":18}},"2":{"start":{"line":8,"column":9},"end":{"line":25,"column":5}},"3":{"start":{"line":9,"column":8},"end":{"line":9,"column":18}},"4":{"start":{"line":11,"column":9},"end":{"line":25,"column":5}},"5":{"start":{"line":12,"column":8},"end":{"line":12,"column":18}},"6":{"start":{"line":14,"column":9},"end":{"line":25,"column":5}},"7":{"start":{"line":15,"column":8},"end":{"line":15,"column":18}},"8":{"start":{"line":17,"column":9},"end":{"line":25,"column":5}},"9":{"start":{"line":18,"column":8},"end":{"line":18,"column":18}},"10":{"start":{"line":20,"column":9},"end":{"line":25,"column":5}},"11":{"start":{"line":21,"column":8},"end":{"line":21,"column":18}},"12":{"start":{"line":23,"column":9},"end":{"line":25,"column":5}},"13":{"start":{"line":24,"column":8},"end":{"line":24,"column":18}},"14":{"start":{"line":30,"column":4},"end":{"line":49,"column":5}},"15":{"start":{"line":31,"column":24},"end":{"line":31,"column":26}},"16":{"start":{"line":33,"column":21},"end":{"line":33,"column":33}},"17":{"start":{"line":35,"column":21},"end":{"line":35,"column":47}},"18":{"start":{"line":37,"column":24},"end":{"line":37,"column":37}},"19":{"start":{"line":39,"column":8},"end":{"line":43,"column":9}},"20":{"start":{"line":39,"column":21},"end":{"line":39,"column":34}},"21":{"start":{"line":41,"column":12},"end":{"line":41,"column":57}},"22":{"start":{"line":45,"column":8},"end":{"line":45,"column":43}},"23":{"start":{"line":48,"column":8},"end":{"line":48,"column":17}},"24":{"start":{"line":56,"column":14},"end":{"line":56,"column":16}},"25":{"start":{"line":58,"column":4},"end":{"line":78,"column":6}},"26":{"start":{"line":60,"column":8},"end":{"line":68,"column":9}},"27":{"start":{"line":61,"column":24},"end":{"line":61,"column":34}},"28":{"start":{"line":62,"column":12},"end":{"line":62,"column":51}},"29":{"start":{"line":64,"column":13},"end":{"line":68,"column":9}},"30":{"start":{"line":65,"column":24},"end":{"line":65,"column":33}},"31":{"start":{"line":67,"column":12},"end":{"line":67,"column":50}},"32":{"start":{"line":69,"column":8},"end":{"line":73,"column":9}},"33":{"start":{"line":70,"column":24},"end":{"line":70,"column":32}},"34":{"start":{"line":71,"column":12},"end":{"line":71,"column":49}},"35":{"start":{"line":74,"column":8},"end":{"line":77,"column":9}},"36":{"start":{"line":75,"column":24},"end":{"line":75,"column":31}},"37":{"start":{"line":76,"column":12},"end":{"line":76,"column":48}},"38":{"start":{"line":80,"column":4},"end":{"line":80,"column":14}},"39":{"start":{"line":87,"column":14},"end":{"line":87,"column":16}},"40":{"start":{"line":88,"column":4},"end":{"line":112,"column":5}},"41":{"start":{"line":88,"column":17},"end":{"line":88,"column":18}},"42":{"start":{"line":90,"column":8},"end":{"line":110,"column":9}},"43":{"start":{"line":91,"column":12},"end":{"line":91,"column":38}},"44":{"start":{"line":93,"column":13},"end":{"line":110,"column":9}},"45":{"start":{"line":94,"column":12},"end":{"line":94,"column":63}},"46":{"start":{"line":96,"column":13},"end":{"line":110,"column":9}},"47":{"start":{"line":97,"column":12},"end":{"line":97,"column":41}},"48":{"start":{"line":99,"column":13},"end":{"line":110,"column":9}},"49":{"start":{"line":100,"column":12},"end":{"line":100,"column":63}},"50":{"start":{"line":102,"column":13},"end":{"line":110,"column":9}},"51":{"start":{"line":103,"column":12},"end":{"line":103,"column":85}},"52":{"start":{"line":105,"column":13},"end":{"line":110,"column":9}},"53":{"start":{"line":106,"column":12},"end":{"line":106,"column":107}},"54":{"start":{"line":108,"column":13},"end":{"line":110,"column":9}},"55":{"start":{"line":109,"column":12},"end":{"line":109,"column":64}},"56":{"start":{"line":113,"column":4},"end":{"line":113,"column":14}},"57":{"start":{"line":118,"column":0},"end":{"line":118,"column":34}}},"fnMap":{"0":{"name":"romanUniques","decl":{"start":{"line":3,"column":9},"end":{"line":3,"column":21}},"loc":{"start":{"line":3,"column":25},"end":{"line":27,"column":1}},"line":3},"1":{"name":"romanNumerals","decl":{"start":{"line":28,"column":9},"end":{"line":28,"column":22}},"loc":{"start":{"line":28,"column":26},"end":{"line":52,"column":1}},"line":28},"2":{"name":"calcRomanNumerals","decl":{"start":{"line":54,"column":9},"end":{"line":54,"column":26}},"loc":{"start":{"line":54,"column":32},"end":{"line":82,"column":1}},"line":54},"3":{"name":"(anonymous_3)","decl":{"start":{"line":58,"column":16},"end":{"line":58,"column":17}},"loc":{"start":{"line":58,"column":25},"end":{"line":78,"column":5}},"line":58},"4":{"name":"repeatRomanNumerals","decl":{"start":{"line":85,"column":9},"end":{"line":85,"column":28}},"loc":{"start":{"line":85,"column":43},"end":{"line":115,"column":1}},"line":85}},"branchMap":{"0":{"loc":{"start":{"line":5,"column":4},"end":{"line":25,"column":5}},"type":"if","locations":[{"start":{"line":5,"column":4},"end":{"line":25,"column":5}},{"start":{"line":8,"column":9},"end":{"line":25,"column":5}}],"line":5},"1":{"loc":{"start":{"line":8,"column":9},"end":{"line":25,"column":5}},"type":"if","locations":[{"start":{"line":8,"column":9},"end":{"line":25,"column":5}},{"start":{"line":11,"column":9},"end":{"line":25,"column":5}}],"line":8},"2":{"loc":{"start":{"line":11,"column":9},"end":{"line":25,"column":5}},"type":"if","locations":[{"start":{"line":11,"column":9},"end":{"line":25,"column":5}},{"start":{"line":14,"column":9},"end":{"line":25,"column":5}}],"line":11},"3":{"loc":{"start":{"line":14,"column":9},"end":{"line":25,"column":5}},"type":"if","locations":[{"start":{"line":14,"column":9},"end":{"line":25,"column":5}},{"start":{"line":17,"column":9},"end":{"line":25,"column":5}}],"line":14},"4":{"loc":{"start":{"line":17,"column":9},"end":{"line":25,"column":5}},"type":"if","locations":[{"start":{"line":17,"column":9},"end":{"line":25,"column":5}},{"start":{"line":20,"column":9},"end":{"line":25,"column":5}}],"line":17},"5":{"loc":{"start":{"line":20,"column":9},"end":{"line":25,"column":5}},"type":"if","locations":[{"start":{"line":20,"column":9},"end":{"line":25,"column":5}},{"start":{"line":23,"column":9},"end":{"line":25,"column":5}}],"line":20},"6":{"loc":{"start":{"line":23,"column":9},"end":{"line":25,"column":5}},"type":"if","locations":[{"start":{"line":23,"column":9},"end":{"line":25,"column":5}},{"start":{},"end":{}}],"line":23},"7":{"loc":{"start":{"line":30,"column":4},"end":{"line":49,"column":5}},"type":"if","locations":[{"start":{"line":30,"column":4},"end":{"line":49,"column":5}},{"start":{"line":47,"column":9},"end":{"line":49,"column":5}}],"line":30},"8":{"loc":{"start":{"line":30,"column":8},"end":{"line":30,"column":27}},"type":"binary-expr","locations":[{"start":{"line":30,"column":8},"end":{"line":30,"column":14}},{"start":{"line":30,"column":18},"end":{"line":30,"column":27}}],"line":30},"9":{"loc":{"start":{"line":60,"column":8},"end":{"line":68,"column":9}},"type":"if","locations":[{"start":{"line":60,"column":8},"end":{"line":68,"column":9}},{"start":{"line":64,"column":13},"end":{"line":68,"column":9}}],"line":60},"10":{"loc":{"start":{"line":64,"column":13},"end":{"line":68,"column":9}},"type":"if","locations":[{"start":{"line":64,"column":13},"end":{"line":68,"column":9}},{"start":{},"end":{}}],"line":64},"11":{"loc":{"start":{"line":69,"column":8},"end":{"line":73,"column":9}},"type":"if","locations":[{"start":{"line":69,"column":8},"end":{"line":73,"column":9}},{"start":{},"end":{}}],"line":69},"12":{"loc":{"start":{"line":74,"column":8},"end":{"line":77,"column":9}},"type":"if","locations":[{"start":{"line":74,"column":8},"end":{"line":77,"column":9}},{"start":{},"end":{}}],"line":74},"13":{"loc":{"start":{"line":90,"column":8},"end":{"line":110,"column":9}},"type":"if","locations":[{"start":{"line":90,"column":8},"end":{"line":110,"column":9}},{"start":{"line":93,"column":13},"end":{"line":110,"column":9}}],"line":90},"14":{"loc":{"start":{"line":90,"column":12},"end":{"line":90,"column":53}},"type":"binary-expr","locations":[{"start":{"line":90,"column":12},"end":{"line":90,"column":23}},{"start":{"line":90,"column":27},"end":{"line":90,"column":38}},{"start":{"line":90,"column":42},"end":{"line":90,"column":53}}],"line":90},"15":{"loc":{"start":{"line":93,"column":13},"end":{"line":110,"column":9}},"type":"if","locations":[{"start":{"line":93,"column":13},"end":{"line":110,"column":9}},{"start":{"line":96,"column":13},"end":{"line":110,"column":9}}],"line":93},"16":{"loc":{"start":{"line":93,"column":17},"end":{"line":93,"column":46}},"type":"binary-expr","locations":[{"start":{"line":93,"column":17},"end":{"line":93,"column":28}},{"start":{"line":93,"column":32},"end":{"line":93,"column":46}}],"line":93},"17":{"loc":{"start":{"line":96,"column":13},"end":{"line":110,"column":9}},"type":"if","locations":[{"start":{"line":96,"column":13},"end":{"line":110,"column":9}},{"start":{"line":99,"column":13},"end":{"line":110,"column":9}}],"line":96},"18":{"loc":{"start":{"line":96,"column":17},"end":{"line":96,"column":46}},"type":"binary-expr","locations":[{"start":{"line":96,"column":17},"end":{"line":96,"column":28}},{"start":{"line":96,"column":32},"end":{"line":96,"column":46}}],"line":96},"19":{"loc":{"start":{"line":99,"column":13},"end":{"line":110,"column":9}},"type":"if","locations":[{"start":{"line":99,"column":13},"end":{"line":110,"column":9}},{"start":{"line":102,"column":13},"end":{"line":110,"column":9}}],"line":99},"20":{"loc":{"start":{"line":99,"column":17},"end":{"line":99,"column":46}},"type":"binary-expr","locations":[{"start":{"line":99,"column":17},"end":{"line":99,"column":28}},{"start":{"line":99,"column":32},"end":{"line":99,"column":46}}],"line":99},"21":{"loc":{"start":{"line":102,"column":13},"end":{"line":110,"column":9}},"type":"if","locations":[{"start":{"line":102,"column":13},"end":{"line":110,"column":9}},{"start":{"line":105,"column":13},"end":{"line":110,"column":9}}],"line":102},"22":{"loc":{"start":{"line":102,"column":17},"end":{"line":102,"column":46}},"type":"binary-expr","locations":[{"start":{"line":102,"column":17},"end":{"line":102,"column":28}},{"start":{"line":102,"column":32},"end":{"line":102,"column":46}}],"line":102},"23":{"loc":{"start":{"line":105,"column":13},"end":{"line":110,"column":9}},"type":"if","locations":[{"start":{"line":105,"column":13},"end":{"line":110,"column":9}},{"start":{"line":108,"column":13},"end":{"line":110,"column":9}}],"line":105},"24":{"loc":{"start":{"line":105,"column":17},"end":{"line":105,"column":46}},"type":"binary-expr","locations":[{"start":{"line":105,"column":17},"end":{"line":105,"column":28}},{"start":{"line":105,"column":32},"end":{"line":105,"column":46}}],"line":105},"25":{"loc":{"start":{"line":108,"column":13},"end":{"line":110,"column":9}},"type":"if","locations":[{"start":{"line":108,"column":13},"end":{"line":110,"column":9}},{"start":{},"end":{}}],"line":108},"26":{"loc":{"start":{"line":108,"column":17},"end":{"line":108,"column":46}},"type":"binary-expr","locations":[{"start":{"line":108,"column":17},"end":{"line":108,"column":28}},{"start":{"line":108,"column":32},"end":{"line":108,"column":46}}],"line":108}},"s":{"0":364,"1":129,"2":235,"3":64,"4":171,"5":93,"6":78,"7":17,"8":61,"9":40,"10":21,"11":0,"12":21,"13":21,"14":27,"15":27,"16":27,"17":27,"18":27,"19":27,"20":27,"21":49,"22":27,"23":0,"24":27,"25":27,"26":49,"27":1,"28":1,"29":48,"30":4,"31":4,"32":49,"33":17,"34":17,"35":49,"36":27,"37":27,"38":27,"39":49,"40":49,"41":49,"42":197,"43":35,"44":162,"45":28,"46":134,"47":25,"48":109,"49":6,"50":103,"51":14,"52":89,"53":8,"54":81,"55":81,"56":49,"57":1},"f":{"0":364,"1":27,"2":27,"3":49,"4":49},"b":{"0":[129,235],"1":[64,171],"2":[93,78],"3":[17,61],"4":[40,21],"5":[0,21],"6":[21,0],"7":[27,0],"8":[27,1],"9":[1,48],"10":[4,44],"11":[17,32],"12":[27,22],"13":[35,162],"14":[197,188,180],"15":[28,134],"16":[162,28],"17":[25,109],"18":[134,25],"19":[6,103],"20":[109,6],"21":[14,89],"22":[103,14],"23":[8,81],"24":[89,8],"25":[81,0],"26":[81,81]},"_coverageSchema":"1a1c01bbd47fc00a2c39e90264f33305004495a9","hash":"9c69662020b142fcb75cee55ac2146a50a817493"}
}
