TN:
SF:roman-numerals.js
FN:3,romanUniques
FN:28,romanNumerals
FN:54,calcRomanNumerals
FN:58,(anonymous_3)
FN:85,repeatRomanNumerals
FNF:5
FNH:5
FNDA:364,romanUniques
FNDA:27,romanNumerals
FNDA:27,calcRomanNumerals
FNDA:49,(anonymous_3)
FNDA:49,repeatRomanNumerals
DA:5,364
DA:6,129
DA:8,235
DA:9,64
DA:11,171
DA:12,93
DA:14,78
DA:15,17
DA:17,61
DA:18,40
DA:20,21
DA:21,0
DA:23,21
DA:24,21
DA:30,27
DA:31,27
DA:33,27
DA:35,27
DA:37,27
DA:39,27
DA:41,49
DA:45,27
DA:48,0
DA:56,27
DA:58,27
DA:60,49
DA:61,1
DA:62,1
DA:64,48
DA:65,4
DA:67,4
DA:69,49
DA:70,17
DA:71,17
DA:74,49
DA:75,27
DA:76,27
DA:80,27
DA:87,49
DA:88,49
DA:90,197
DA:91,35
DA:93,162
DA:94,28
DA:96,134
DA:97,25
DA:99,109
DA:100,6
DA:102,103
DA:103,14
DA:105,89
DA:106,8
DA:108,81
DA:109,81
DA:113,49
DA:118,1
LF:56
LH:54
BRDA:5,0,0,129
BRDA:5,0,1,235
BRDA:8,1,0,64
BRDA:8,1,1,171
BRDA:11,2,0,93
BRDA:11,2,1,78
BRDA:14,3,0,17
BRDA:14,3,1,61
BRDA:17,4,0,40
BRDA:17,4,1,21
BRDA:20,5,0,0
BRDA:20,5,1,21
BRDA:23,6,0,21
BRDA:23,6,1,0
BRDA:30,7,0,27
BRDA:30,7,1,0
BRDA:30,8,0,27
BRDA:30,8,1,1
BRDA:60,9,0,1
BRDA:60,9,1,48
BRDA:64,10,0,4
BRDA:64,10,1,44
BRDA:69,11,0,17
BRDA:69,11,1,32
BRDA:74,12,0,27
BRDA:74,12,1,22
BRDA:90,13,0,35
BRDA:90,13,1,162
BRDA:90,14,0,197
BRDA:90,14,1,188
BRDA:90,14,2,180
BRDA:93,15,0,28
BRDA:93,15,1,134
BRDA:93,16,0,162
BRDA:93,16,1,28
BRDA:96,17,0,25
BRDA:96,17,1,109
BRDA:96,18,0,134
BRDA:96,18,1,25
BRDA:99,19,0,6
BRDA:99,19,1,103
BRDA:99,20,0,109
BRDA:99,20,1,6
BRDA:102,21,0,14
BRDA:102,21,1,89
BRDA:102,22,0,103
BRDA:102,22,1,14
BRDA:105,23,0,8
BRDA:105,23,1,81
BRDA:105,24,0,89
BRDA:105,24,1,8
BRDA:108,25,0,81
BRDA:108,25,1,0
BRDA:108,26,0,81
BRDA:108,26,1,81
BRF:55
BRH:51
end_of_record
